<?xml version="1.0" encoding="UTF-8"?>
<!-- Generated by org.testng.reporters.JUnitReportReporter -->
<testsuite skipped="0" hostname="Singarajan" name="com.ani.Construct" tests="1" failures="0" timestamp="2022-11-19T11:19:51 IST" time="46.843" errors="0">
  <testcase name="launch" time="46.843" classname="com.ani.Construct"/>
  <system-out/>
</testsuite> <!-- com.ani.Construct -->
